#ifndef SIGNALSELECTIONDIALOG_H
#define SIGNALSELECTIONDIALOG_H

#include <QDialog>
#include <QTreeWidget>
#include <QPushButton>
#include <QVBoxLayout>
#include <QHBoxLayout>
#include <QDialogButtonBox>
#include "vcdparser.h"

class SignalSelectionDialog : public QDialog
{
    Q_OBJECT
public:
    explicit SignalSelectionDialog(QWidget *parent = nullptr);
    void setAvailableSignals(const QVector<VCDSignal> &allSignals, const QList<VCDSignal> &visibleSignals);  // Renamed
    QList<VCDSignal> getSelectedSignals() const;

private slots:
    void selectAll();
    void deselectAll();

private:
    QTreeWidget *signalTree;
    QPushButton *selectAllButton;
    QPushButton *deselectAllButton;
    QDialogButtonBox *buttonBox;
};

#endif // SIGNALSELECTIONDIALOG_H
#ifndef MAINWINDOW_H
#define MAINWINDOW_H

#include <QMainWindow>
#include <QTreeWidget>
#include <QSplitter>
#include <QToolBar>
#include <QStatusBar>
#include <QFileDialog>
#include <QMessageBox>
#include <QScrollBar>
#include <QLabel>
#include <QPushButton>
#include <QHBoxLayout>
#include <QWidget>
#include <QListWidget>
#include <QListWidgetItem>
#include <QGroupBox>
#include <QDockWidget>
#include <QDialog>
#include <QDialogButtonBox>
#include <QKeyEvent>
#include "vcdparser.h"
#include "waveformwidget.h"

class SignalSelectionDialog;

class MainWindow : public QMainWindow
{
    Q_OBJECT

public:
    MainWindow(QWidget *parent = nullptr);
    ~MainWindow();

protected:
    void keyPressEvent(QKeyEvent *event) override;

private slots:
    void openFile();
    void zoomIn();
    void zoomOut();
    void zoomFit();
    void updateTimeDisplay(int time);
    void about();
    void showAddSignalsDialog();
    void removeSelectedSignals();

private:
    void createActions();
    void createToolBar();
    void createStatusBar();
    void setupUI();
    void loadVcdFile(const QString &filename);
    void loadDefaultVcdFile();

    // UI Components
    WaveformWidget *waveformWidget;
    QScrollBar *timeScrollBar;

    // Toolbar Actions
    QAction *openAction;
    QAction *zoomInAction;
    QAction *zoomOutAction;
    QAction *zoomFitAction;
    QAction *aboutAction;

    // Bottom controls
    QPushButton *addSignalsButton;
    QPushButton *removeSignalsButton;

    // Status Bar
    QLabel *statusLabel;
    QLabel *timeLabel;

    // Data
    VCDParser *vcdParser;
};

#endif // MAINWINDOW_H
// file: vcdparser.h
#ifndef VCDPARSER_H
#define VCDPARSER_H

#include <QObject>
#include <QString>
#include <QVector>
#include <QMap>
#include <QFile>
#include <QTextStream>
#include <QSet>

struct VCDSignal {
    QString identifier;
    QString name;
    QString scope;
    int width;
    QString type;

    bool operator==(const VCDSignal& other) const {
        return identifier == other.identifier;
    }
};

Q_DECLARE_METATYPE(VCDSignal)

struct VCDValueChange {
    int timestamp;
    QString value;
};

class VCDParser : public QObject
{
    Q_OBJECT

public:
    explicit VCDParser(QObject *parent = nullptr);
    ~VCDParser();

    bool parseFile(const QString &filename);
    QString getError() const { return errorString; }

    const QVector<VCDSignal>& getSignals() const { return vcdSignals; }
    const QMap<QString, QVector<VCDValueChange>>& getValueChanges() const { return valueChanges; }
    int getEndTime() const { return endTime; }
    const QMap<QString, VCDSignal>& getIdentifierMap() const { return identifierMap; }

private:
    bool parseHeader(QTextStream &stream);
    bool parseValueChanges(QTextStream &stream);
    void parseScopeLine(const QString &line);
    void parseVarLine(const QString &line);
    void parseTimescale(const QString &line);

    QString errorString;
    QVector<VCDSignal> vcdSignals;
    QMap<QString, VCDSignal> identifierMap;
    QMap<QString, QVector<VCDValueChange>> valueChanges;
    QString currentScope;
    int endTime;
    QString timescale;
};

#endif // VCDPARSER_H
#ifndef WAVEFORMWIDGET_H
#define WAVEFORMWIDGET_H

#include <QWidget>
#include <QPainter>
#include <QScrollBar>
#include <QWheelEvent>
#include <QMouseEvent>
#include <QVector>
#include <QList>
#include <QLabel>
#include <QMenu>
#include <QContextMenuEvent>
#include <QHBoxLayout>
#include <QVBoxLayout>
#include <QSet>
#include <QInputDialog>
#include <memory>

#include "vcdparser.h"

// Simple data structures instead of complex inheritance
struct DisplaySignal {
    VCDSignal signal;
    bool isInGroup = false;
    QString groupName;
};

struct SignalGroup {
    QString name;
    QList<DisplaySignal> groupSignals;  // Changed from 'signals'
    bool collapsed = false;
    int displayIndex = -1;
    
    bool isEmpty() const { return groupSignals.isEmpty(); }
    int getSignalCount() const { return groupSignals.size(); }
    void addSignal(const DisplaySignal& signal) { groupSignals.append(signal); }
    void removeSignal(const QString& identifier) {
        for (int i = 0; i < groupSignals.size(); i++) {
            if (groupSignals[i].signal.identifier == identifier) {
                groupSignals.removeAt(i);
                break;
            }
        }
    }
    bool containsSignal(const QString& identifier) const {
        for (const auto& sig : groupSignals) {
            if (sig.signal.identifier == identifier) {
                return true;
            }
        }
        return false;
    }
};

struct DisplaySpace {
    QString name;
};

// Unified display item
struct DisplayItem {
    enum Type { Signal, Group, Space };
    Type type;
    
    // Only one of these is valid based on type
    DisplaySignal signal;
    SignalGroup group;
    DisplaySpace space;
    
    // Constructor for signal
    static DisplayItem createSignal(const VCDSignal& sig, bool inGroup = false, const QString& groupName = "") {
        DisplayItem item;
        item.type = Signal;
        item.signal = {sig, inGroup, groupName};
        return item;
    }
    
    // Constructor for group
    static DisplayItem createGroup(const QString& name) {
        DisplayItem item;
        item.type = Group;
        item.group = {name, {}, false, -1};
        return item;
    }
    
    // Constructor for space
    static DisplayItem createSpace(const QString& name = "") {
        DisplayItem item;
        item.type = Space;
        item.space = {name};
        return item;
    }
    
    QString getName() const {
        switch(type) {
            case Signal: 
                return signal.signal.scope.isEmpty() ? signal.signal.name : signal.signal.scope + "." + signal.signal.name;
            case Group: 
                return "â«¿ " + group.name;
            case Space: 
                return space.name.isEmpty() ? "â" : "â " + space.name;
        }
        return "";
    }
    
    int getHeight() const {
        switch(type) {
            case Signal: return 30;
            case Group: return group.collapsed ? 30 : (30 + group.groupSignals.size() * 30);
            case Space: return 30;
        }
        return 30;
    }
    
    bool isSelectable() const { return true; }
    bool isMovable() const { return type != Group; }
};

class WaveformWidget : public QWidget
{
    Q_OBJECT

public:
    explicit WaveformWidget(QWidget *parent = nullptr);
    void setVcdData(VCDParser *parser);
    void setVisibleSignals(const QList<VCDSignal> &visibleSignals);
    void zoomIn();
    void zoomOut();
    void zoomFit();
    void removeSelectedSignals();
    void selectAllSignals();
    int getSelectedSignal() const { return selectedItems.isEmpty() ? -1 : *selectedItems.begin(); }
    QList<int> getSelectedItemIndices() const { return selectedItems.values(); }
    
    // Group management
    void createGroupFromSelection(const QString& name);
    void addSignalsToGroup(const QList<int>& signalIndices, const QString& groupName);
    void removeSignalsFromGroup(const QList<int>& signalIndices);
    QList<QString> getGroupNames() const;
    
    // Item management
    int getItemCount() const { return displayItems.size(); }
    const DisplayItem* getItem(int index) const;

signals:
    void timeChanged(int time);
    void itemSelected(int itemIndex);
    void contextMenuRequested(const QPoint &pos, int itemIndex);

protected:
    void paintEvent(QPaintEvent *event) override;
    void wheelEvent(QWheelEvent *event) override;
    void mousePressEvent(QMouseEvent *event) override;
    void mouseMoveEvent(QMouseEvent *event) override;
    void mouseReleaseEvent(QMouseEvent *event) override;
    void resizeEvent(QResizeEvent *event) override;
    void contextMenuEvent(QContextMenuEvent *event) override;
    void keyPressEvent(QKeyEvent *event) override;
    void mouseDoubleClickEvent(QMouseEvent *event) override;
    

private slots:
    void onAddToGroupActionTriggered();

private:
    void drawSignalNamesColumn(QPainter &painter);
    void drawWaveformArea(QPainter &painter);
    void drawGrid(QPainter &painter);
    void drawSignals(QPainter &painter);
    void drawSignalWaveform(QPainter &painter, const VCDSignal &signal, int yPos);
    void drawGroupWaveforms(QPainter &painter, const SignalGroup &group, int yPos);
    void updateScrollBar();
    int timeToX(int time) const;
    int xToTime(int x) const;
    QString getSignalValueAtTime(const QString &identifier, int time) const;
    int calculateTimeStep(int startTime, int endTime) const;
    int getItemAtPosition(const QPoint &pos) const;
    int getItemYPosition(int index) const;
    void showContextMenu(const QPoint &pos, int itemIndex);
    void addSpaceAbove(int index);
    void addSpaceBelow(int index);
    void renameItem(int itemIndex);
    QString promptForName(const QString &title, const QString &defaultName = "");
     void updateAllGroupIndices();
    void updateGroupIndicesAfterDeletion(const QList<int> &deletedIndices);
    bool isSignalInGroup(int index) const;
    int getGroupBottomIndex(int groupIndex) const;
    void selectGroup(int groupIndex);
        // Drag and movement
    void moveFreeItem(int itemIndex, int newIndex);
    void updateGroupDisplayIndices();
    void updateSelection(int itemIndex, bool isMultiSelect);
    void startDragSignal(int signalIndex);
    void updateSignalGroupMembership(int signalIndex);
    void debugGroupInfo();
    void addGroup();
    void addSignalToGroup(int signalIndex, const QString& groupName);
    
    // Drag and drop
    void startDrag(int itemIndex);
    void performDrag(int mouseY);
    void moveGroup(int groupIndex, int newIndex);

    
    // Selection
    void handleMultiSelection(int itemIndex, QMouseEvent *event);
    
    // Helper methods
    bool isSignalItem(int index) const { 
        return index >= 0 && index < displayItems.size() && displayItems[index].type == DisplayItem::Signal; 
    }
    bool isSpaceItem(int index) const { 
        return index >= 0 && index < displayItems.size() && displayItems[index].type == DisplayItem::Space; 
    }
    bool isGroupItem(int index) const { 
        return index >= 0 && index < displayItems.size() && displayItems[index].type == DisplayItem::Group; 
    }
    VCDSignal getSignalFromItem(int index) const {
        return isSignalItem(index) ? displayItems[index].signal.signal : VCDSignal();
    }
    int findGroupIndexByName(const QString& name) const;
    void convertToFreeSignal(int itemIndex);
    void removeSignalFromAllGroups(const QString& identifier);

    VCDParser *vcdParser;

    // Layout parameters
    int signalNamesWidth = 250;
    double timeScale;
    int timeOffset;
    int timeMarkersHeight;
    int topMargin;

    // Display items
    QList<DisplayItem> displayItems;

    // Drag state
    bool isDragging;
    bool isDraggingItem;
    int dragStartX;
    int dragStartOffset;
    int dragItemIndex;
    int dragStartY;
    QPoint dragStartPos;

    // Selection state
    QSet<int> selectedItems;
    int lastSelectedItem;

    // Context menu state
    QString lastContextGroupName;
    int lastContextSignalIndex;

    QScrollBar *horizontalScrollBar;
};

#endif // WAVEFORMWIDGET_H#include "SignalSelectionDialog.h"
#include <QHeaderView>

SignalSelectionDialog::SignalSelectionDialog(QWidget *parent)
    : QDialog(parent)
{
    setWindowTitle("Add Signals to Waveform");
    setMinimumSize(600, 400);

    QVBoxLayout *mainLayout = new QVBoxLayout(this);

    // Signal tree
    signalTree = new QTreeWidget();
    signalTree->setHeaderLabels({"Signal", "Width", "Type"});
    signalTree->setAlternatingRowColors(true);
    signalTree->header()->setStretchLastSection(false);
    signalTree->header()->setSectionResizeMode(0, QHeaderView::Stretch);
    signalTree->header()->setSectionResizeMode(1, QHeaderView::ResizeToContents);
    signalTree->header()->setSectionResizeMode(2, QHeaderView::ResizeToContents);

    // Controls
    QHBoxLayout *controlsLayout = new QHBoxLayout();
    selectAllButton = new QPushButton("Select All");
    deselectAllButton = new QPushButton("Deselect All");

    connect(selectAllButton, &QPushButton::clicked, this, &SignalSelectionDialog::selectAll);
    connect(deselectAllButton, &QPushButton::clicked, this, &SignalSelectionDialog::deselectAll);

    controlsLayout->addWidget(selectAllButton);
    controlsLayout->addWidget(deselectAllButton);
    controlsLayout->addStretch();

    // Buttons
    buttonBox = new QDialogButtonBox(QDialogButtonBox::Ok | QDialogButtonBox::Cancel);
    connect(buttonBox, &QDialogButtonBox::accepted, this, &QDialog::accept);
    connect(buttonBox, &QDialogButtonBox::rejected, this, &QDialog::reject);

    mainLayout->addWidget(signalTree);
    mainLayout->addLayout(controlsLayout);
    mainLayout->addWidget(buttonBox);
}

void SignalSelectionDialog::setAvailableSignals(const QVector<VCDSignal> &allSignals, const QList<VCDSignal> &visibleSignals)
{
    signalTree->clear();

    // Create a set of visible signal identifiers for quick lookup
    QSet<QString> visibleSignalIdentifiers;
    for (const auto& signal : visibleSignals) {
        visibleSignalIdentifiers.insert(signal.identifier);
    }

    QMap<QString, QTreeWidgetItem*> scopeItems;

    for (const auto& signal : allSignals) {
        // Skip signals that are already visible in the waveform
        if (visibleSignalIdentifiers.contains(signal.identifier)) {
            continue;
        }

        QString scopePath = signal.scope;
        if (!scopeItems.contains(scopePath)) {
            QStringList scopeParts = scopePath.split('.');
            QTreeWidgetItem *parent = nullptr;
            QString currentPath;

            for (const QString& part : scopeParts) {
                if (!currentPath.isEmpty()) currentPath += ".";
                currentPath += part;

                if (!scopeItems.contains(currentPath)) {
                    QTreeWidgetItem *item = new QTreeWidgetItem();
                    item->setText(0, part);
                    item->setData(0, Qt::UserRole, currentPath);

                    if (parent) {
                        parent->addChild(item);
                    } else {
                        signalTree->addTopLevelItem(item);
                    }

                    scopeItems[currentPath] = item;
                    parent = item;
                } else {
                    parent = scopeItems[currentPath];
                }
            }
        }

        QTreeWidgetItem *signalItem = new QTreeWidgetItem();
        signalItem->setText(0, signal.name);
        signalItem->setText(1, QString::number(signal.width));
        signalItem->setText(2, signal.type);
        signalItem->setData(0, Qt::UserRole, QVariant::fromValue(signal));
        signalItem->setFlags(signalItem->flags() | Qt::ItemIsUserCheckable);
        signalItem->setCheckState(0, Qt::Unchecked); // All signals start unchecked

        scopeItems[scopePath]->addChild(signalItem);
    }

    signalTree->expandAll();
}

QList<VCDSignal> SignalSelectionDialog::getSelectedSignals() const
{
    QList<VCDSignal> selectedSignals;

    QTreeWidgetItemIterator it(signalTree);
    while (*it) {
        if ((*it)->checkState(0) == Qt::Checked) {
            QVariant data = (*it)->data(0, Qt::UserRole);
            if (data.canConvert<VCDSignal>()) {
                selectedSignals.append(data.value<VCDSignal>());
            }
        }
        ++it;
    }

    return selectedSignals;
}

void SignalSelectionDialog::selectAll()
{
    QTreeWidgetItemIterator it(signalTree);
    while (*it) {
        QVariant data = (*it)->data(0, Qt::UserRole);
        if (data.canConvert<VCDSignal>()) {
            (*it)->setCheckState(0, Qt::Checked);
        }
        ++it;
    }
}

void SignalSelectionDialog::deselectAll()
{
    QTreeWidgetItemIterator it(signalTree);
    while (*it) {
        QVariant data = (*it)->data(0, Qt::UserRole);
        if (data.canConvert<VCDSignal>()) {
            (*it)->setCheckState(0, Qt::Unchecked);
        }
        ++it;
    }
}
// file: main.cpp
#include "mainwindow.h"
#include <QApplication>

int main(int argc, char *argv[])
{
    QApplication app(argc, argv);

    // Set application properties
    app.setApplicationName("VCD Wave Viewer");
    app.setApplicationVersion("1.0");
    app.setOrganizationName("VCDViewer");

    MainWindow window;
    window.show();

    return app.exec();
}
#include "mainwindow.h"
#include "SignalSelectionDialog.h"
#include <QTreeWidgetItemIterator>
#include <QFileInfo>
#include <QMessageBox>
#include <QSplitter>
#include <QToolBar>
#include <QStatusBar>
#include <QFileDialog>
#include <QLabel>
#include <QApplication>
#include <QPushButton>
#include <QVBoxLayout>
#include <QHBoxLayout>
#include <QWidget>
#include <QDir>
#include <QKeyEvent>

MainWindow::MainWindow(QWidget *parent)
    : QMainWindow(parent), vcdParser(new VCDParser(this))
{
    qRegisterMetaType<VCDSignal>("VCDSignal");
    setWindowTitle("VCD Wave Viewer");
    setMinimumSize(1200, 800);

    createActions();
    setupUI();
    createToolBar();
    createStatusBar();

    loadDefaultVcdFile();
}

MainWindow::~MainWindow()
{
}

void MainWindow::keyPressEvent(QKeyEvent *event)
{
    if (event->key() == Qt::Key_Delete) {
        // Let the waveform widget handle deletion if it has focus
        if (waveformWidget->hasFocus() && !waveformWidget->getSelectedItemIndices().isEmpty()) {
            waveformWidget->removeSelectedSignals();
            event->accept();
        } else {
            // Fall back to the main window's delete handling
            removeSelectedSignals();
            event->accept();
        }
    } else if (event->key() == Qt::Key_A && event->modifiers() & Qt::ControlModifier) {
        waveformWidget->selectAllSignals();
        removeSignalsButton->setEnabled(true);
        event->accept();
    } else {
        QMainWindow::keyPressEvent(event);
    }
}

void MainWindow::createActions()
{
    openAction = new QAction("Open", this);
    openAction->setShortcut(QKeySequence::Open);
    connect(openAction, &QAction::triggered, this, &MainWindow::openFile);

    zoomInAction = new QAction("Zoom In", this);
    zoomInAction->setShortcut(QKeySequence::ZoomIn);
    connect(zoomInAction, &QAction::triggered, this, &MainWindow::zoomIn);

    zoomOutAction = new QAction("Zoom Out", this);
    zoomOutAction->setShortcut(QKeySequence::ZoomOut);
    connect(zoomOutAction, &QAction::triggered, this, &MainWindow::zoomOut);

    zoomFitAction = new QAction("Zoom Fit", this);
    connect(zoomFitAction, &QAction::triggered, this, &MainWindow::zoomFit);

    aboutAction = new QAction("About", this);
    connect(aboutAction, &QAction::triggered, this, &MainWindow::about);
}

void MainWindow::createToolBar()
{
    QToolBar *toolBar = addToolBar("Main Toolbar");
    toolBar->addAction(openAction);
    toolBar->addSeparator();
    toolBar->addAction(zoomInAction);
    toolBar->addAction(zoomOutAction);
    toolBar->addAction(zoomFitAction);
    toolBar->addSeparator();
    toolBar->addAction(aboutAction);
}

void MainWindow::createStatusBar()
{
    statusLabel = new QLabel("Ready");
    statusBar()->addWidget(statusLabel);

    timeLabel = new QLabel("Time: 0");
    statusBar()->addPermanentWidget(timeLabel);
}

void MainWindow::setupUI()
{
    // Create central widget with waveform
    QWidget *centralWidget = new QWidget();
    QVBoxLayout *centralLayout = new QVBoxLayout(centralWidget);
    centralLayout->setContentsMargins(0, 0, 0, 0);
    centralLayout->setSpacing(0);

    // Create waveform widget (now includes signal names column)
    waveformWidget = new WaveformWidget();
    connect(waveformWidget, &WaveformWidget::timeChanged,
            this, &MainWindow::updateTimeDisplay);
    connect(waveformWidget, &WaveformWidget::itemSelected, this, [this](int index) {
    // Enable/disable remove button based on selection
    removeSignalsButton->setEnabled(index >= 0);
});

    // === BOTTOM CONTROLS ===
    QWidget *bottomControls = new QWidget();
    QHBoxLayout *bottomLayout = new QHBoxLayout(bottomControls);
    bottomLayout->setContentsMargins(10, 5, 10, 5);

    addSignalsButton = new QPushButton("+ Add Signals");
    removeSignalsButton = new QPushButton("ðŸ—‘ï¸");

    addSignalsButton->setStyleSheet("QPushButton { padding: 8px; font-weight: bold; background-color: #4CAF50; color: white; }");
    removeSignalsButton->setStyleSheet("QPushButton { padding: 8px; font-weight: bold; background-color: #f44336; color: white; }");
    removeSignalsButton->setEnabled(false);
    removeSignalsButton->setToolTip("Remove selected signal (Delete)");

    connect(addSignalsButton, &QPushButton::clicked, this, &MainWindow::showAddSignalsDialog);
    connect(removeSignalsButton, &QPushButton::clicked, this, &MainWindow::removeSelectedSignals);

    bottomLayout->addWidget(addSignalsButton);
    bottomLayout->addWidget(removeSignalsButton);
    bottomLayout->addStretch();

    centralLayout->addWidget(waveformWidget, 1);
    centralLayout->addWidget(bottomControls);

    setCentralWidget(centralWidget);
}

void MainWindow::showAddSignalsDialog()
{
    if (!vcdParser) return;

    SignalSelectionDialog dialog(this);
    
    // Get current signals using public method
    QList<VCDSignal> currentSignals;
    for (int i = 0; i < waveformWidget->getItemCount(); i++) {
        const DisplayItem* item = waveformWidget->getItem(i);
        if (item && item->type == DisplayItem::Signal) {
            currentSignals.append(item->signal.signal);
        }
    }
    
    dialog.setAvailableSignals(vcdParser->getSignals(), currentSignals);

    if (dialog.exec() == QDialog::Accepted) {
        QList<VCDSignal> newSignalsToAdd = dialog.getSelectedSignals();
        if (!newSignalsToAdd.isEmpty()) {
            // Add new signals to display using public method
            for (const auto& signal : newSignalsToAdd) {
                // We need to add this through a public method in WaveformWidget
                // For now, we'll use setVisibleSignals which replaces all signals
                // In the future, we should add an addSignals method to WaveformWidget
                currentSignals.append(signal);
            }
            
            waveformWidget->setVisibleSignals(currentSignals);
            
            int signalCount = 0;
            for (int i = 0; i < waveformWidget->getItemCount(); i++) {
                const DisplayItem* item = waveformWidget->getItem(i);
                if (item && item->type == DisplayItem::Signal) {
                    signalCount++;
                }
            }
            
            statusLabel->setText(QString("%1 signal(s) displayed").arg(signalCount));
            removeSignalsButton->setEnabled(false); // Clear selection
        }
    }
}
// In mainwindow.cpp, update the removeSelectedSignals method:
void MainWindow::removeSelectedSignals()
{
    // Check if there are any selected items in the waveform widget
    if (!waveformWidget->getSelectedItemIndices().isEmpty()) {
        waveformWidget->removeSelectedSignals();
        removeSignalsButton->setEnabled(false);

        // Count only signals for display (not spaces or groups)
        int signalCount = 0;
        for (int i = 0; i < waveformWidget->getItemCount(); i++) {
            const DisplayItem* item = waveformWidget->getItem(i);
            if (item && item->type == DisplayItem::Signal) {
                signalCount++;
            }
        }

        statusLabel->setText(QString("%1 signal(s) displayed").arg(signalCount));
    }
}

void MainWindow::loadDefaultVcdFile()
{
    QString defaultPath = "C:/Users/mismael/Desktop/OWV/rtl.vcd";

    if (QFile::exists(defaultPath)) {
        loadVcdFile(defaultPath);
    } else {
        statusLabel->setText("Default VCD file not found. Use File â†’ Open to load a VCD file.");
        qDebug() << "Default VCD file not found:" << defaultPath;
    }
}

void MainWindow::openFile()
{
    QString filename = QFileDialog::getOpenFileName(
        this, "Open VCD File", "C:/Users/mismael/Desktop/OWV", "VCD Files (*.vcd)");

    if (!filename.isEmpty()) {
        loadVcdFile(filename);
    }
}

void MainWindow::loadVcdFile(const QString &filename)
{
    statusLabel->setText("Loading VCD file...");
    QApplication::processEvents();

    if (vcdParser->parseFile(filename)) {
        statusLabel->setText(QString("Loaded: %1 (%2 signals)").arg(QFileInfo(filename).fileName()).arg(vcdParser->getSignals().size()));
        waveformWidget->setVcdData(vcdParser);
    } else {
        QMessageBox::critical(this, "Error",
                              "Failed to parse VCD file: " + vcdParser->getError());
        statusLabel->setText("Ready");
    }
}

void MainWindow::zoomIn()
{
    waveformWidget->zoomIn();
}

void MainWindow::zoomOut()
{
    waveformWidget->zoomOut();
}

void MainWindow::zoomFit()
{
    waveformWidget->zoomFit();
}

void MainWindow::updateTimeDisplay(int time)
{
    timeLabel->setText(QString("Time: %1").arg(time));
}

void MainWindow::about()
{
    QMessageBox::about(this, "About VCD Wave Viewer",
                       "VCD Wave Viewer\n\n"
                       "A professional waveform viewer for Value Change Dump (VCD) files.\n"
                       "Built with Qt C++\n\n"
                       "Features:\n"
                       "- Unified signal names and waveform display\n"
                       "- Dark theme\n"
                       "- Drag to reorder signals\n"
                       "- Professional signal selection dialog\n"
                       "- Mouse wheel navigation");
}

// file: vcdparser.cpp
#include "vcdparser.h"
#include <QRegularExpression>
#include <QDebug>

VCDParser::VCDParser(QObject *parent)
    : QObject(parent), endTime(0)
{
}

VCDParser::~VCDParser()
{
}

bool VCDParser::parseFile(const QString &filename)
{
    QFile file(filename);
    if (!file.open(QIODevice::ReadOnly | QIODevice::Text)) {
        errorString = "Cannot open file: " + filename;
        return false;
    }

    QTextStream stream(&file);
    vcdSignals.clear();
    valueChanges.clear();
    identifierMap.clear();
    currentScope.clear();
    endTime = 0;

    if (!parseHeader(stream)) {
        return false;
    }

    if (!parseValueChanges(stream)) {
        return false;
    }

    file.close();

    qDebug() << "VCD parsing completed";
    qDebug() << "Signals:" << vcdSignals.size() << "End time:" << endTime;

    return true;
}

bool VCDParser::parseHeader(QTextStream &stream)
{
    QRegularExpression scopeRegex("^\\$scope\\s+(\\w+)\\s+(\\S+)\\s*\\$end$");
    QRegularExpression varRegex("^\\$var\\s+(\\w+)\\s+(\\d+)\\s+(\\S+)\\s+(\\S+)\\s*\\$end$");
    QRegularExpression timescaleRegex("^\\$timescale\\s+(\\S+)\\s*\\$end$");

    while (!stream.atEnd()) {
        QString line = stream.readLine().trimmed();

        if (line.startsWith("$date")) {
            while (!stream.atEnd() && !line.endsWith("$end")) {
                line = stream.readLine().trimmed();
            }
        }
        else if (line.startsWith("$version")) {
            while (!stream.atEnd() && !line.endsWith("$end")) {
                line = stream.readLine().trimmed();
            }
        }
        else if (line.startsWith("$timescale")) {
            parseTimescale(line);
        }
        else if (line.startsWith("$scope")) {
            parseScopeLine(line);
        }
        else if (line.startsWith("$var")) {
            parseVarLine(line);
        }
        else if (line.startsWith("$upscope")) {
            int lastDot = currentScope.lastIndexOf('.');
            if (lastDot != -1) {
                currentScope = currentScope.left(lastDot);
            } else {
                currentScope.clear();
            }
        }
        else if (line.startsWith("$enddefinitions")) {
            break;
        }
    }

    return true;
}

void VCDParser::parseTimescale(const QString &line)
{
    QRegularExpression regex("^\\$timescale\\s+(\\S+)\\s*\\$end$");
    QRegularExpressionMatch match = regex.match(line);
    if (match.hasMatch()) {
        timescale = match.captured(1);
    }
}

void VCDParser::parseScopeLine(const QString &line)
{
    QRegularExpression regex("^\\$scope\\s+(\\w+)\\s+(\\S+)\\s*\\$end$");
    QRegularExpressionMatch match = regex.match(line);
    if (match.hasMatch()) {
        QString scopeName = match.captured(2);
        if (!currentScope.isEmpty()) {
            currentScope += "." + scopeName;
        } else {
            currentScope = scopeName;
        }
    }
}

void VCDParser::parseVarLine(const QString &line)
{
    QRegularExpression regex("^\\$var\\s+(\\w+)\\s+(\\d+)\\s+(\\S+)\\s+(\\S+)\\s*\\$end$");
    QRegularExpressionMatch match = regex.match(line);
    if (match.hasMatch()) {
        VCDSignal signal;
        signal.type = match.captured(1);
        signal.width = match.captured(2).toInt();
        signal.identifier = match.captured(3);
        signal.name = match.captured(4);
        signal.scope = currentScope;

        vcdSignals.append(signal);
        identifierMap[signal.identifier] = signal;
    }
}

bool VCDParser::parseValueChanges(QTextStream &stream)
{
    QRegularExpression timestampRegex("^#(\\d+)$");
    QRegularExpression valueChangeRegex("^([01xXzZ])(\\S+)$");
    QRegularExpression vectorValueRegex("^[bB]([01xXzZ]+)\\s+(\\S+)$");

    int currentTime = 0;

    while (!stream.atEnd()) {
        QString line = stream.readLine().trimmed();

        if (line.isEmpty()) continue;

        QRegularExpressionMatch timestampMatch = timestampRegex.match(line);
        if (timestampMatch.hasMatch()) {
            currentTime = timestampMatch.captured(1).toInt();
            endTime = qMax(endTime, currentTime);
            continue;
        }

        QRegularExpressionMatch valueMatch = valueChangeRegex.match(line);
        if (valueMatch.hasMatch()) {
            QString value = valueMatch.captured(1).toUpper();
            QString identifier = valueMatch.captured(2);

            VCDValueChange change;
            change.timestamp = currentTime;
            change.value = value;

            valueChanges[identifier].append(change);
            continue;
        }

        QRegularExpressionMatch vectorMatch = vectorValueRegex.match(line);
        if (vectorMatch.hasMatch()) {
            QString value = vectorMatch.captured(1);
            QString identifier = vectorMatch.captured(2);

            VCDValueChange change;
            change.timestamp = currentTime;
            change.value = value;

            valueChanges[identifier].append(change);
        }
    }

    return true;
}
#include "waveformwidget.h"
#include <QScrollBar>
#include <QWheelEvent>
#include <QMouseEvent>
#include <QResizeEvent>
#include <QPaintEvent>
#include <QContextMenuEvent>
#include <QKeyEvent>
#include <QInputDialog>
#include <QApplication>
#include <cmath>
#include <stdexcept>

WaveformWidget::WaveformWidget(QWidget *parent)
    : QWidget(parent), vcdParser(nullptr), timeScale(1.0), timeOffset(0),
      timeMarkersHeight(30), topMargin(10),
      isDragging(false), isDraggingItem(false), dragItemIndex(-1), lastSelectedItem(-1),
      lastContextSignalIndex(-1)
{
    setFocusPolicy(Qt::StrongFocus);
    setMouseTracking(true);

    horizontalScrollBar = new QScrollBar(Qt::Horizontal, this);
    connect(horizontalScrollBar, &QScrollBar::valueChanged, [this](int value) {
        timeOffset = value;
        update();
    });
}

void WaveformWidget::setVcdData(VCDParser *parser)
{
    vcdParser = parser;
    displayItems.clear();
    timeScale = 1.0;
    timeOffset = 0;
    selectedItems.clear();
    lastSelectedItem = -1;
    updateScrollBar();
    update();
}


void WaveformWidget::setVisibleSignals(const QList<VCDSignal> &visibleSignals)
{
    displayItems.clear();
    for (const auto &signal : visibleSignals) {
        displayItems.append(DisplayItem::createSignal(signal));
    }
    selectedItems.clear();
    lastSelectedItem = -1;
    update();
    emit itemSelected(-1);
}

// Group Management
void WaveformWidget::createGroupFromSelection(const QString& name)
{
    if (selectedItems.size() < 2) return;
    
    // Collect all selected signals and their indices
    QList<VCDSignal> signalsToGroup;
    QList<int> indicesToRemove;
    
    for (int index : selectedItems) {
        if (isSignalItem(index)) {
            signalsToGroup.append(getSignalFromItem(index));
            indicesToRemove.append(index);
        }
    }
    
    if (signalsToGroup.size() < 2) return;
    
    // Remove signals from display (in reverse order)
    std::sort(indicesToRemove.begin(), indicesToRemove.end(), std::greater<int>());
    for (int index : indicesToRemove) {
        displayItems.removeAt(index);
    }
    
    // Create group at the position of the first signal
    int insertPosition = indicesToRemove.last();
    DisplayItem groupItem = DisplayItem::createGroup(name);
    
    // Add signals to the group
    for (const auto& signal : signalsToGroup) {
        groupItem.group.addSignal(DisplayItem::createSignal(signal, true, name).signal);
    }
    
    displayItems.insert(insertPosition, groupItem);
    
    // Clear selection and select the new group
    selectedItems.clear();
    selectedItems.insert(insertPosition);
    lastSelectedItem = insertPosition;
    
    update();
    emit itemSelected(insertPosition);
}

int WaveformWidget::findGroupIndexByName(const QString& name) const {
    for (int i = 0; i < displayItems.size(); i++) {
        if (displayItems[i].type == DisplayItem::Group && displayItems[i].group.name == name) {
            return i;
        }
    }
    return -1;
}

QList<QString> WaveformWidget::getGroupNames() const
{
    QList<QString> names;
    for (const auto& item : displayItems) {
        if (item.type == DisplayItem::Group) {
            names.append(item.group.name);
        }
    }
    return names;
}

const DisplayItem* WaveformWidget::getItem(int index) const
{
    if (index >= 0 && index < displayItems.size()) {
        return &displayItems[index];
    }
    return nullptr;
}


void WaveformWidget::addSignalsToGroup(const QList<int>& signalIndices, const QString& groupName) {
    int groupIndex = findGroupIndexByName(groupName);
    if (groupIndex == -1) return;
    
    // Collect signals to add
    QList<VCDSignal> signalsToAdd;
    QList<int> indicesToRemove;
    
    for (int index : signalIndices) {
        if (isSignalItem(index)) {
            signalsToAdd.append(getSignalFromItem(index));
            indicesToRemove.append(index);
        }
    }
    
    if (signalsToAdd.isEmpty()) return;
    
    // Remove signals from display (in reverse order)
    std::sort(indicesToRemove.begin(), indicesToRemove.end(), std::greater<int>());
    for (int index : indicesToRemove) {
        displayItems.removeAt(index);
    }
    
    // Add signals to group
    DisplayItem& groupItem = displayItems[groupIndex];
    for (const auto& signal : signalsToAdd) {
        groupItem.group.addSignal(DisplayItem::createSignal(signal, true, groupName).signal);
    }
    
    update();
}

void WaveformWidget::onAddToGroupActionTriggered()
{
    if (lastContextSignalIndex != -1 && !lastContextGroupName.isEmpty()) {
        QList<int> indices = {lastContextSignalIndex};
        addSignalsToGroup(indices, lastContextGroupName);
    }
}

void WaveformWidget::convertToFreeSignal(int itemIndex) {
    if (!isSignalItem(itemIndex)) return;
    
    DisplayItem& item = displayItems[itemIndex];
    if (item.signal.isInGroup) {
        // Remove from group
        int groupIndex = findGroupIndexByName(item.signal.groupName);
        if (groupIndex != -1) {
            displayItems[groupIndex].group.removeSignal(item.signal.signal.identifier);
        }
        // Convert to free signal
        item.signal.isInGroup = false;
        item.signal.groupName.clear();
    }
}

void WaveformWidget::removeSignalsFromGroup(const QList<int>& signalIndices)
{
    for (int index : signalIndices) {
        convertToFreeSignal(index);
    }
    update();
}

void WaveformWidget::removeSignalFromAllGroups(const QString& identifier) {
    for (int i = 0; i < displayItems.size(); i++) {
        if (displayItems[i].type == DisplayItem::Group) {
            displayItems[i].group.removeSignal(identifier);
        }
    }
}

void WaveformWidget::removeSelectedSignals() {
    if (selectedItems.isEmpty()) return;

    // First remove signals from any groups they belong to
    for (int index : selectedItems) {
        if (isSignalItem(index)) {
            removeSignalFromAllGroups(displayItems[index].signal.signal.identifier);
        }
    }

    // Remove items in reverse order
    QList<int> indices = selectedItems.values();
    std::sort(indices.begin(), indices.end(), std::greater<int>());
    
    for (int index : indices) {
        if (index >= 0 && index < displayItems.size()) {
            displayItems.removeAt(index);
        }
    }
    
    selectedItems.clear();
    lastSelectedItem = -1;
    update();
    emit itemSelected(-1);
}

void WaveformWidget::updateAllGroupIndices()
{
    // Clear all group signal indices first
    for (int i = 0; i < displayItems.size(); i++) {
        if (isGroupItem(i)) {
            displayItems[i].group.groupSignals.clear();
        }
    }
    
    // For each group, only add signals that were explicitly selected when creating the group
    // Don't automatically add signals based on position
    // Groups should only contain signals that were explicitly added to them
    qDebug() << "Group system: Manual signal tracking - no automatic grouping";
}

void WaveformWidget::updateGroupIndicesAfterDeletion(const QList<int> &deletedIndices)
{
    for (int i = 0; i < displayItems.size(); i++)
    {
        if (isGroupItem(i))
        {
            // For the new architecture, we don't need to update indices
            // because signals are stored by identifier, not by display index
            Q_UNUSED(deletedIndices)
        }
    }
}

// Update the selectAllSignals method to select all item types:
void WaveformWidget::selectAllSignals()
{
    selectedItems.clear();
    for (int i = 0; i < displayItems.size(); i++)
    {
        selectedItems.insert(i);
    }
    lastSelectedItem = displayItems.size() - 1;
    update();
    emit itemSelected(selectedItems.isEmpty() ? -1 : *selectedItems.begin());
}

void WaveformWidget::zoomIn()
{
    timeScale *= 1.2;
    updateScrollBar();
    update();
}

void WaveformWidget::zoomOut()
{
    timeScale /= 1.2;
    if (timeScale < 0.1)
        timeScale = 0.1;
    updateScrollBar();
    update();
}

void WaveformWidget::zoomFit()
{
    if (!vcdParser || vcdParser->getEndTime() == 0)
        return;

    int availableWidth = width() - signalNamesWidth - 20;
    timeScale = static_cast<double>(availableWidth) / vcdParser->getEndTime();
    timeOffset = 0;
    updateScrollBar();
    update();
}

// Painting
void WaveformWidget::paintEvent(QPaintEvent *event)
{
    Q_UNUSED(event)

    QPainter painter(this);
    painter.setRenderHint(QPainter::Antialiasing);

    // Fill entire background with dark theme
    painter.fillRect(rect(), QColor(45, 45, 48));

    if (!vcdParser || displayItems.isEmpty()) {
        painter.setPen(QPen(Qt::white));
        painter.drawText(rect(), Qt::AlignCenter, "No signals selected");
        return;
    }

    drawSignalNamesColumn(painter);
    drawWaveformArea(painter);
}

bool WaveformWidget::isSignalInGroup(int index) const
{
    if (!isSignalItem(index)) return false;

    const DisplayItem& item = displayItems[index];
    return item.signal.isInGroup;
}

int WaveformWidget::getGroupBottomIndex(int groupIndex) const
{
    if (!isGroupItem(groupIndex))
        return -1;

    const SignalGroup& group = displayItems[groupIndex].group;
    if (group.groupSignals.isEmpty())
        return -1;

    // In the new architecture, signals are stored within the group object
    // not as separate display items, so we don't have a "bottom index" concept
    return -1;
}


void WaveformWidget::selectGroup(int groupIndex)
{
    if (!isGroupItem(groupIndex))
        return;

    selectedItems.clear();
    const SignalGroup& group = displayItems[groupIndex].group;

    // Select the group header
    selectedItems.insert(groupIndex);

    lastSelectedItem = groupIndex;
    update();
    emit itemSelected(groupIndex);
}

void WaveformWidget::drawSignalNamesColumn(QPainter &painter)
{
    // Draw signal names column background
    painter.fillRect(0, 0, signalNamesWidth, height(), QColor(37, 37, 38));

    // Draw column separator
    painter.setPen(QPen(QColor(80, 80, 80), 2));
    painter.drawLine(signalNamesWidth, 0, signalNamesWidth, height());

    // Draw header
    painter.fillRect(0, 0, signalNamesWidth, timeMarkersHeight, QColor(60, 60, 60));
    painter.setPen(QPen(Qt::white));
    painter.drawText(5, timeMarkersHeight - 8, "Signal Name");

    // Draw selection count if multiple items selected
    if (selectedItems.size() > 1) {
        painter.drawText(signalNamesWidth - 50, timeMarkersHeight - 8, 
                        QString("(%1 selected)").arg(selectedItems.size()));
    }
    
    int currentY = topMargin + timeMarkersHeight;
    
    for (int i = 0; i < displayItems.size(); i++) {
        const auto& item = displayItems[i];
        int itemHeight = item.getHeight();
        
        // Draw background based on selection and type
        if (selectedItems.contains(i)) {
            painter.fillRect(0, currentY, signalNamesWidth, itemHeight, QColor(60, 60, 90));
        } else if (item.type == DisplayItem::Group) {
            painter.fillRect(0, currentY, signalNamesWidth, itemHeight, QColor(80, 80, 160, 180));
        } else if (item.type == DisplayItem::Space) {
            painter.fillRect(0, currentY, signalNamesWidth, itemHeight, QColor(80, 160, 80, 120));
        } else if (item.signal.isInGroup) {
            // Grouped signal - indented background
            painter.fillRect(20, currentY, signalNamesWidth - 20, itemHeight, 
                           i % 2 == 0 ? QColor(50, 50, 80, 100) : QColor(45, 45, 70, 100));
        } else if (i % 2 == 0) {
            painter.fillRect(0, currentY, signalNamesWidth, itemHeight, QColor(45, 45, 48));
        } else {
            painter.fillRect(0, currentY, signalNamesWidth, itemHeight, QColor(40, 40, 43));
        }

        // Draw item name with appropriate styling and indentation
        painter.setPen(QPen(Qt::white));
        QString displayName = item.getName();
        int textIndent = 5;
        
        if (item.type == DisplayItem::Group) {
            painter.setPen(QPen(QColor(200, 200, 255)));
        } else if (item.type == DisplayItem::Space) {
            painter.setPen(QPen(QColor(150, 255, 150)));
        } else if (item.signal.isInGroup) {
            textIndent = 25;
            displayName = "    " + displayName;
        }
        
        painter.drawText(textIndent, currentY + itemHeight / 2 + 4, displayName);

        // Draw signal width for signals
        if (item.type == DisplayItem::Signal) {
            const VCDSignal& signal = item.signal.signal;
            painter.setPen(QPen(QColor(180, 180, 180)));
            int widthX = signalNamesWidth - 35;
            if (item.signal.isInGroup) {
                widthX -= 20; // Adjust for indentation
            }
            painter.drawText(widthX, currentY + itemHeight / 2 + 4,
                            QString("[%1:0]").arg(signal.width - 1));
        }

        // Draw horizontal separator
        painter.setPen(QPen(QColor(80, 80, 80)));
        painter.drawLine(0, currentY + itemHeight, signalNamesWidth, currentY + itemHeight);
        
        currentY += itemHeight;
    }
}

void WaveformWidget::drawWaveformArea(QPainter &painter) {
    // Implementation similar to previous version
    painter.setClipRect(signalNamesWidth, 0, width() - signalNamesWidth, height());
    painter.translate(signalNamesWidth, 0);
    painter.fillRect(0, 0, width() - signalNamesWidth, height(), QColor(30, 30, 30));
    
    if (!displayItems.isEmpty()) {
        drawGrid(painter);
        drawSignals(painter);
    }
    
    painter.translate(-signalNamesWidth, 0);
    painter.setClipping(false);
}

void WaveformWidget::drawGrid(QPainter &painter)
{
    painter.setPen(QPen(QColor(80, 80, 80), 1, Qt::DotLine));

    int startTime = xToTime(0);
    int endTime = xToTime(width() - signalNamesWidth);

    int timeStep = calculateTimeStep(startTime, endTime);
    for (int time = (startTime / timeStep) * timeStep; time <= endTime; time += timeStep)
    {
        int x = timeToX(time);
        painter.drawLine(x, 0, x, height());

        painter.setPen(QPen(Qt::white));
        painter.drawText(x + 2, timeMarkersHeight - 5, QString::number(time));
        painter.setPen(QPen(QColor(80, 80, 80), 1, Qt::DotLine));
    }

    // Draw horizontal lines for items
    int currentY = topMargin + timeMarkersHeight;
    for (int i = 0; i <= displayItems.size(); i++)
    {
        painter.drawLine(0, currentY, width() - signalNamesWidth, currentY);
        if (i < displayItems.size()) {
            currentY += displayItems[i].getHeight();
        }
    }

    // Draw selection highlight for all selected items
    currentY = topMargin + timeMarkersHeight;
    for (int i = 0; i < displayItems.size(); i++)
    {
        int itemHeight = displayItems[i].getHeight();
        if (selectedItems.contains(i))
        {
            painter.fillRect(0, currentY, width() - signalNamesWidth, itemHeight, QColor(60, 60, 90));
        }
        currentY += itemHeight;
    }
}

int WaveformWidget::calculateTimeStep(int startTime, int endTime) const
{
    int timeRange = endTime - startTime;
    if (timeRange <= 0)
        return 100;

    double pixelsPerStep = 100.0;
    double targetStep = pixelsPerStep / timeScale;

    double power = std::pow(10, std::floor(std::log10(targetStep)));
    double normalized = targetStep / power;

    if (normalized < 1.5)
        return static_cast<int>(power);
    else if (normalized < 3)
        return static_cast<int>(2 * power);
    else if (normalized < 7)
        return static_cast<int>(5 * power);
    else
        return static_cast<int>(10 * power);
}

void WaveformWidget::drawSignals(QPainter &painter) {
    int currentY = topMargin + timeMarkersHeight;
    
    for (int i = 0; i < displayItems.size(); i++) {
        const auto& item = displayItems[i];
        
        if (item.type == DisplayItem::Signal) {
            drawSignalWaveform(painter, item.signal.signal, currentY);
        } else if (item.type == DisplayItem::Group && !item.group.collapsed) {
            // Draw all signals in the group
            int signalY = currentY + 30;
            for (const auto& groupSignal : item.group.groupSignals) {
                drawSignalWaveform(painter, groupSignal.signal, signalY);
                signalY += 30;
            }
        }
        
        currentY += item.getHeight();
    }
}

void WaveformWidget::drawGroupWaveforms(QPainter &painter, const SignalGroup &group, int groupY) {
    int signalY = groupY + 30; // Start below group header
    
    for (const auto& groupSignal : group.groupSignals) {
        drawSignalWaveform(painter, groupSignal.signal, signalY);
        signalY += 30;
    }
}

void WaveformWidget::drawSignalWaveform(QPainter &painter, const VCDSignal &signal, int yPos) {
    // Keep existing waveform drawing implementation
    const auto &changes = vcdParser->getValueChanges().value(signal.identifier);
    if (changes.isEmpty()) return;

    QColor signalColor = QColor::fromHsv((qHash(signal.identifier) % 360), 180, 220);
    painter.setPen(QPen(signalColor, 2));

    int signalMidY = yPos + 15;
    int highLevel = yPos + 5;
    int lowLevel = yPos + 25;

    int prevTime = 0;
    QString prevValue = "0";
    int prevX = timeToX(prevTime);

    for (const auto &change : changes) {
        int currentX = timeToX(change.timestamp);

        if (prevValue == "1" || prevValue == "X" || prevValue == "Z") {
            painter.drawLine(prevX, highLevel, currentX, highLevel);
        } else {
            painter.drawLine(prevX, lowLevel, currentX, lowLevel);
        }

        if (prevValue != change.value) {
            painter.drawLine(currentX, highLevel, currentX, lowLevel);
        }

        prevTime = change.timestamp;
        prevValue = change.value;
        prevX = currentX;
    }

    int endX = timeToX(vcdParser->getEndTime());
    if (prevValue == "1" || prevValue == "X" || prevValue == "Z") {
        painter.drawLine(prevX, highLevel, endX, highLevel);
    } else {
        painter.drawLine(prevX, lowLevel, endX, lowLevel);
    }
}



void WaveformWidget::handleMultiSelection(int itemIndex, QMouseEvent *event)
{
    if (itemIndex < 0 || itemIndex >= displayItems.size()) return;

    // Allow selection of all item types (signals, spaces, groups)
    bool allowSelection = true;

    // Handle group header clicks - select only the header by default
    if (isGroupItem(itemIndex)) {
        if (!(event->modifiers() & (Qt::ControlModifier | Qt::ShiftModifier))) {
            // Single click on group header selects only the header
            selectedItems.clear();
            selectedItems.insert(itemIndex);
            lastSelectedItem = itemIndex;
            update();
            emit itemSelected(itemIndex);
            return;
        }
    }

    if (event->modifiers() & Qt::ShiftModifier && lastSelectedItem != -1) {
        // Shift-click: select range from last selected to current
        selectedItems.clear();
        int start = qMin(lastSelectedItem, itemIndex);
        int end = qMax(lastSelectedItem, itemIndex);
        for (int i = start; i <= end; i++) {
            selectedItems.insert(i);
        }
    } else if (event->modifiers() & Qt::ControlModifier) {
        // Ctrl-click: toggle selection (all item types)
        if (selectedItems.contains(itemIndex)) {
            selectedItems.remove(itemIndex);
        } else {
            selectedItems.insert(itemIndex);
        }
        lastSelectedItem = itemIndex;
    } else {
        // Regular click: single selection (all item types)
        selectedItems.clear();
        selectedItems.insert(itemIndex);
        lastSelectedItem = itemIndex;
    }
    
    update();
    emit itemSelected(itemIndex);
}

void WaveformWidget::updateSelection(int itemIndex, bool isMultiSelect)
{
    if (!isMultiSelect)
    {
        selectedItems.clear();
        if (isSignalItem(itemIndex))
        {
            selectedItems.insert(itemIndex);
        }
        lastSelectedItem = itemIndex;
    }
    update();
    emit itemSelected(itemIndex);
}

int WaveformWidget::getItemYPosition(int index) const
{
    if (index < 0 || index >= displayItems.size()) return -1;
    
    int yPos = topMargin + timeMarkersHeight;
    for (int i = 0; i < index; i++) {
        yPos += displayItems[i].getHeight();
    }
    return yPos;
}

void WaveformWidget::startDrag(int itemIndex)
{
    if (itemIndex < 0 || itemIndex >= displayItems.size()) return;
    
    isDraggingItem = true;
    dragItemIndex = itemIndex;
    dragStartPos = QCursor::pos();
    dragStartY = getItemYPosition(itemIndex);
    setCursor(Qt::ClosedHandCursor);
}

void WaveformWidget::updateSignalGroupMembership(int signalIndex)
{
    if (!isSignalItem(signalIndex)) return;
    
    // Remove signal from all groups first
    for (int i = 0; i < displayItems.size(); i++) {
        if (isGroupItem(i)) {
            displayItems[i].group.removeSignal(displayItems[signalIndex].signal.signal.identifier);
        }
    }
    
    // Find if this signal is now within a group
    // Look for the nearest group header above this signal
    int groupHeaderIndex = -1;
    for (int i = signalIndex - 1; i >= 0; i--) {
        if (isGroupItem(i)) {
            groupHeaderIndex = i;
            break;
        } else if (isSpaceItem(i) || (i > 0 && isSignalItem(i) && !isSignalInGroup(i))) {
            // Reached a space or regular signal, stop searching
            break;
        }
    }
    
    // If found a group header above, add this signal to that group
    if (groupHeaderIndex != -1) {
        SignalGroup& group = displayItems[groupHeaderIndex].group;
        // Check if this signal is below the group header and above the next group/space
        bool shouldBeInGroup = true;
        for (int i = groupHeaderIndex + 1; i < signalIndex; i++) {
            if (isGroupItem(i) || isSpaceItem(i)) {
                shouldBeInGroup = false;
                break;
            }
        }
        
        if (shouldBeInGroup && !group.containsSignal(displayItems[signalIndex].signal.signal.identifier)) {
            DisplaySignal displaySignal;
            displaySignal.signal = displayItems[signalIndex].signal.signal;
            displaySignal.isInGroup = true;
            displaySignal.groupName = group.name;
            group.addSignal(displaySignal);
            qDebug() << "Added signal" << signalIndex << "to group at" << groupHeaderIndex;
        }
    }
}

void WaveformWidget::performDrag(int mouseY)
{
    if (!isDraggingItem || dragItemIndex < 0) return;

    int newIndex = -1;
    int currentY = topMargin + timeMarkersHeight;
    
    // Find new position based on mouse Y
    for (int i = 0; i < displayItems.size(); i++) {
        int itemHeight = displayItems[i].getHeight();
        if (mouseY >= currentY && mouseY < currentY + itemHeight) {
            newIndex = i;
            break;
        }
        currentY += itemHeight;
    }
    
    if (newIndex == -1) newIndex = displayItems.size() - 1;
    if (newIndex == dragItemIndex) return;

    // Handle group drag - move all signals together
    if (isGroupItem(dragItemIndex)) {
        moveGroup(dragItemIndex, newIndex);
    } else {
        moveFreeItem(dragItemIndex, newIndex);
    }
}

void WaveformWidget::moveFreeItem(int itemIndex, int newIndex)
{
    DisplayItem item = displayItems[itemIndex];
    displayItems.removeAt(itemIndex);
    
    // Adjust new index if we're moving past the original position
    if (newIndex > itemIndex) newIndex--;
    
    displayItems.insert(newIndex, item);
    dragItemIndex = newIndex;
    
    // Update selection
    if (selectedItems.contains(itemIndex)) {
        selectedItems.remove(itemIndex);
        selectedItems.insert(newIndex);
        lastSelectedItem = newIndex;
    }
    
    update();
}

void WaveformWidget::updateGroupDisplayIndices()
{
    // In the new architecture, groups store signals by identifier
    // so we don't need to update display indices
    // This method is kept for compatibility with older code
}

void WaveformWidget::moveGroup(int groupIndex, int newIndex)
{
    auto group = displayItems[groupIndex];
    displayItems.removeAt(groupIndex);
    
    // Adjust new index if we're moving past the original position
    if (newIndex > groupIndex) newIndex--;
    
    displayItems.insert(newIndex, group);
    dragItemIndex = newIndex;
    
    // Update selection
    if (selectedItems.contains(groupIndex)) {
        selectedItems.remove(groupIndex);
        selectedItems.insert(newIndex);
        lastSelectedItem = newIndex;
    }
    
    update();
}

void WaveformWidget::mousePressEvent(QMouseEvent *event)
{
    // Check if click is in signal names column or waveform area
    bool inNamesColumn = event->pos().x() < signalNamesWidth;

    if (event->button() == Qt::MiddleButton)
    {
        // Start middle button drag for horizontal scrolling (waveform area only)
        if (!inNamesColumn)
        {
            isDragging = true;
            dragStartX = event->pos().x() - signalNamesWidth;
            dragStartOffset = timeOffset;
            setCursor(Qt::ClosedHandCursor);
        }
    }
    else if (event->button() == Qt::LeftButton)
    {
        int itemIndex = getItemAtPosition(event->pos());

        if (itemIndex >= 0)
        {
            // Handle multi-selection
            handleMultiSelection(itemIndex, event);

            // Prepare for drag (all item types)
            startDrag(itemIndex);
            update();
            emit itemSelected(itemIndex);
        }
        else if (!inNamesColumn)
        {
            // Clear selection when clicking empty space
            if (!(event->modifiers() & (Qt::ControlModifier | Qt::ShiftModifier)))
            {
                selectedItems.clear();
                lastSelectedItem = -1;
                update();
                emit itemSelected(-1);
            }

            // Start timeline dragging with left button (waveform area only)
            isDragging = true;
            dragStartX = event->pos().x() - signalNamesWidth;
            dragStartOffset = timeOffset;
            setCursor(Qt::ClosedHandCursor);
        }
    }
}

void WaveformWidget::mouseDoubleClickEvent(QMouseEvent *event)
{
    int itemIndex = getItemAtPosition(event->pos());
    if (itemIndex >= 0) {
        if (isGroupItem(itemIndex) || isSpaceItem(itemIndex)) {
            renameItem(itemIndex);
            event->accept();
            return;
        }
    }
    QWidget::mouseDoubleClickEvent(event);
}

void WaveformWidget::mouseMoveEvent(QMouseEvent *event)
{
    if (isDraggingItem)
    {
        performDrag(event->pos().y());
    }
    else if (isDragging)
    {
        int delta = dragStartX - (event->pos().x() - signalNamesWidth);
        timeOffset = dragStartOffset + delta;
        updateScrollBar();
        update();
    }

    // Emit time change for cursor position in waveform area
    if (event->pos().x() >= signalNamesWidth)
    {
        int currentTime = xToTime(event->pos().x() - signalNamesWidth);
        emit timeChanged(currentTime);
    }
}

void WaveformWidget::mouseReleaseEvent(QMouseEvent *event)
{
    if (event->button() == Qt::MiddleButton || event->button() == Qt::LeftButton)
    {
        if (isDraggingItem)
        {
            isDraggingItem = false;
            dragItemIndex = -1;
            setCursor(Qt::ArrowCursor);
        }
        else if (isDragging)
        {
            isDragging = false;
            setCursor(Qt::ArrowCursor);
        }
    }
}

void WaveformWidget::keyPressEvent(QKeyEvent *event)
{
    if (event->key() == Qt::Key_A && event->modifiers() & Qt::ControlModifier)
    {
        selectAllSignals();
        event->accept();
    }
    else if (event->key() == Qt::Key_Delete)
    {
        // Delete any selected items (signals, spaces, or groups)
        removeSelectedSignals();
        event->accept();
    }
    else
    {
        QWidget::keyPressEvent(event);
    }
}


void WaveformWidget::wheelEvent(QWheelEvent *event)
{
    if (event->modifiers() & Qt::ControlModifier)
    {
        // Ctrl + Wheel for zoom
        if (event->angleDelta().y() > 0)
        {
            zoomIn();
        }
        else
        {
            zoomOut();
        }
    }
    else if (event->modifiers() & Qt::ShiftModifier)
    {
        // Shift + Wheel for horizontal scrolling
        int scrollAmount = event->angleDelta().y();
        timeOffset += scrollAmount / 2;
        updateScrollBar();
        update();
    }
    else
    {
        // Regular wheel for vertical scrolling (if implemented) or default behavior
        QWidget::wheelEvent(event);
    }
}

void WaveformWidget::updateScrollBar()
{
    if (!vcdParser)
    {
        horizontalScrollBar->setRange(0, 0);
        return;
    }

    int contentWidth = timeToX(vcdParser->getEndTime());
    int viewportWidth = width() - signalNamesWidth;

    horizontalScrollBar->setRange(0, qMax(0, contentWidth - viewportWidth));
    horizontalScrollBar->setPageStep(viewportWidth);
    horizontalScrollBar->setSingleStep(viewportWidth / 10);

    horizontalScrollBar->setGeometry(signalNamesWidth, height() - 20, width() - signalNamesWidth, 20);
}

int WaveformWidget::timeToX(int time) const
{
    return static_cast<int>(time * timeScale) - timeOffset;
}

int WaveformWidget::xToTime(int x) const
{
    return static_cast<int>((x + timeOffset) / timeScale);
}

QString WaveformWidget::getSignalValueAtTime(const QString &identifier, int time) const
{
    const auto &changes = vcdParser->getValueChanges().value(identifier);
    QString value = "0";

    for (const auto &change : changes)
    {
        if (change.timestamp > time)
            break;
        value = change.value;
    }

    return value;
}

void WaveformWidget::contextMenuEvent(QContextMenuEvent *event)
{
    int itemIndex = getItemAtPosition(event->pos());
    showContextMenu(event->globalPos(), itemIndex);
}

void WaveformWidget::resizeEvent(QResizeEvent *event)
{
    Q_UNUSED(event)
    updateScrollBar();
}

int WaveformWidget::getItemAtPosition(const QPoint &pos) const
{
    if (displayItems.isEmpty())
    {
        qDebug() << "No display items";
        return -1;
    }

    int y = pos.y();
    int signalAreaTop = topMargin + timeMarkersHeight;

    if (y < signalAreaTop)
    {
        qDebug() << "Click above signal area";
        return -1;
    }

    int currentY = signalAreaTop;
    for (int i = 0; i < displayItems.size(); i++)
    {
        int itemHeight = displayItems[i].getHeight();
        if (y >= currentY && y < currentY + itemHeight)
        {
            qDebug() << "Found item at index:" << i;
            return i;
        }
        currentY += itemHeight;
    }

    qDebug() << "Click below all items";
    return -1;
}

void WaveformWidget::showContextMenu(const QPoint &pos, int itemIndex) {
    QMenu contextMenu(this);

    bool hasSelection = !selectedItems.isEmpty();
    bool isSignal = isSignalItem(itemIndex);
    bool isSpace = isSpaceItem(itemIndex);
    bool isGroup = isGroupItem(itemIndex);

    if (itemIndex >= 0) {
        // Ensure the clicked item is selected
        if (!selectedItems.contains(itemIndex)) {
            selectedItems.clear();
            selectedItems.insert(itemIndex);
            lastSelectedItem = itemIndex;
            update();
        }

        // Remove option
        QString removeText = "Remove";
        if (isSignal) removeText = "Remove Signal";
        else if (isSpace) removeText = "Remove Space";
        else if (isGroup) removeText = "Remove Group";
        
        contextMenu.addAction(removeText, this, &WaveformWidget::removeSelectedSignals);
        contextMenu.addSeparator();

        // Rename for spaces and groups
        if (isSpace || isGroup) {
            contextMenu.addAction("Rename", this, [this, itemIndex]() {
                renameItem(itemIndex);
            });
            contextMenu.addSeparator();
        }

        // Group management
        if (isSignal) {
            QMenu* addToGroupMenu = contextMenu.addMenu("Add to Group");
            QList<QString> groupNames = getGroupNames();
            
            for (const QString& groupName : groupNames) {
                addToGroupMenu->addAction(groupName, this, [this, itemIndex, groupName]() {
                    QList<int> indices = {itemIndex};
                    addSignalsToGroup(indices, groupName);
                });
            }
            
            if (groupNames.isEmpty()) {
                addToGroupMenu->setEnabled(false);
            }
            contextMenu.addSeparator();
        }

        // Space management
        if (isSignal || isSpace) {
            contextMenu.addAction("Add Space Above", this, [this, itemIndex]() {
                addSpaceAbove(itemIndex);
            });
            contextMenu.addAction("Add Space Below", this, [this, itemIndex]() {
                addSpaceBelow(itemIndex);
            });
            contextMenu.addSeparator();
        }

        // Group creation
        if (selectedItems.size() > 1) {
            bool allSignals = true;
            for (int index : selectedItems) {
                if (!isSignalItem(index)) {
                    allSignals = false;
                    break;
                }
            }
            if (allSignals) {
                contextMenu.addAction("Create Group", this, [this]() {
                    QString name = promptForName("Create Group", "Group");
                    if (!name.isEmpty()) {
                        createGroupFromSelection(name);
                    }
                });
            }
        }
    }

    QAction* selectedAction = contextMenu.exec(pos);
    if (!selectedAction && itemIndex >= 0) {
        // Restore selection if menu was cancelled
        selectedItems.clear();
        selectedItems.insert(itemIndex);
        update();
    }

    emit contextMenuRequested(pos, itemIndex);
}

// In waveformwidget.cpp, update the promptForName method to allow empty names:
QString WaveformWidget::promptForName(const QString &title, const QString &defaultName)
{
    bool ok;
    QString name = QInputDialog::getText(this, title, "Name:", QLineEdit::Normal, defaultName, &ok);
    if (ok) {
        return name; // Allow empty names
    }
    return defaultName;
}

void WaveformWidget::addSpaceAbove(int index)
{
    if (index < 0 || index >= displayItems.size()) return;
    
    QString name = promptForName("Add Space", "");
    DisplaySpace space;
    space.name = name;
    
    displayItems.insert(index, DisplayItem::createSpace(name));
    update();
}

void WaveformWidget::addSpaceBelow(int index)
{
    if (index < 0 || index >= displayItems.size()) return;
    
    QString name = promptForName("Add Space", "");
    DisplaySpace space;
    space.name = name;
    
    int insertIndex = index + 1;
    if (insertIndex > displayItems.size()) {
        insertIndex = displayItems.size();
    }
    
    displayItems.insert(insertIndex, DisplayItem::createSpace(name));
    update();
}

// In waveformwidget.cpp, replace the addGroup method with this corrected version:
void WaveformWidget::renameItem(int itemIndex)
{
    if (itemIndex < 0 || itemIndex >= displayItems.size())
        return;

    DisplayItem &item = displayItems[itemIndex];
    QString currentName = item.getName();
    QString newName = promptForName("Rename", currentName);

    if (!newName.isEmpty() && newName != currentName)
    {
        switch (item.type)
        {
        case DisplayItem::Space:
            item.space.name = newName;
            break;
        case DisplayItem::Group:
            item.group.name = newName;
            break;
        case DisplayItem::Signal:
            // Don't rename signals for now
            break;
        }
        update();
    }
}

// Add this debug method to help see what's happening:
void WaveformWidget::debugGroupInfo()
{
    qDebug() << "=== GROUP DEBUG INFO ===";
    qDebug() << "Total display items:" << displayItems.size();

    for (int i = 0; i < displayItems.size(); i++)
    {
        if (isGroupItem(i))
        {
            const SignalGroup &group = displayItems[i].group;
            qDebug() << "Group at index" << i << "name:" << group.name;
            qDebug() << "  Contains signals:" << group.groupSignals.size();

            // Verify each signal exists
            for (const auto& groupSignal : group.groupSignals)
            {
                qDebug() << "    Signal:" << groupSignal.signal.name << "identifier:" << groupSignal.signal.identifier;
            }
        }
    }
    qDebug() << "=== END DEBUG INFO ===";
}

// Call this in addGroup after creating the group:
void WaveformWidget::addGroup()
{
    if (selectedItems.size() < 2) return;
    
    QString name = promptForName("Create Group", "Group");
    if (name.isEmpty()) return;
    
    // Get selected signal indices and sort them
    QList<int> signalIndices = selectedItems.values();
    std::sort(signalIndices.begin(), signalIndices.end());
    
    qDebug() << "Creating group with explicitly selected signals:" << signalIndices;
    
    // Create group header above the first signal
    SignalGroup group;
    group.name = name;
    
    // Only add the explicitly selected signals to the group
    // Don't automatically add other signals
    for (int sigIndex : signalIndices) {
        if (isSignalItem(sigIndex)) {
            DisplaySignal displaySignal;
            displaySignal.signal = getSignalFromItem(sigIndex);
            displaySignal.isInGroup = true;
            displaySignal.groupName = name;
            group.groupSignals.append(displaySignal);
        }
    }
    
    // Insert group header at the position of the first selected signal
    int groupHeaderIndex = signalIndices.first();
    displayItems.insert(groupHeaderIndex, DisplayItem::createGroup(name));
    
    // Update the group with the signals
    displayItems[groupHeaderIndex].group = group;
    
    qDebug() << "Group created at index" << groupHeaderIndex << "with" << group.groupSignals.size() << "explicitly selected signals";
    
    update();
}
# File: CMakeLists.txt
cmake_minimum_required(VERSION 3.16)

project(OWV VERSION 0.1 LANGUAGES CXX)

set(CMAKE_AUTOUIC ON)
set(CMAKE_AUTOMOC ON)
set(CMAKE_AUTORCC ON)

set(CMAKE_CXX_STANDARD 17)
set(CMAKE_CXX_STANDARD_REQUIRED ON)

find_package(QT NAMES Qt6 Qt5 REQUIRED COMPONENTS Widgets)
find_package(Qt${QT_VERSION_MAJOR} REQUIRED COMPONENTS Widgets)

set(PROJECT_SOURCES
        main.cpp
        mainwindow.cpp
        mainwindow.h
        mainwindow.ui
)

if(${QT_VERSION_MAJOR} GREATER_EQUAL 6)
    qt_add_executable(OWV
        MANUAL_FINALIZATION
        ${PROJECT_SOURCES}
        vcdparser.cpp
        vcdparser.h
        waveformwidget.cpp
        waveformwidget.h
        SignalSelectionDialog.h
        SignalSelectionDialog.cpp
    )
# Define target properties for Android with Qt 6 as:
#    set_property(TARGET OWV APPEND PROPERTY QT_ANDROID_PACKAGE_SOURCE_DIR
#                 ${CMAKE_CURRENT_SOURCE_DIR}/android)
# For more information, see https://doc.qt.io/qt-6/qt-add-executable.html#target-creation
else()
    if(ANDROID)
        add_library(OWV SHARED
            ${PROJECT_SOURCES}
        )
# Define properties for Android with Qt 5 after find_package() calls as:
#    set(ANDROID_PACKAGE_SOURCE_DIR "${CMAKE_CURRENT_SOURCE_DIR}/android")
    else()
        add_executable(OWV
            ${PROJECT_SOURCES}
        )
    endif()
endif()

target_link_libraries(OWV PRIVATE Qt${QT_VERSION_MAJOR}::Widgets)

# Qt for iOS sets MACOSX_BUNDLE_GUI_IDENTIFIER automatically since Qt 6.1.
# If you are developing for iOS or macOS you should consider setting an
# explicit, fixed bundle identifier manually though.
if(${QT_VERSION} VERSION_LESS 6.1.0)
  set(BUNDLE_ID_OPTION MACOSX_BUNDLE_GUI_IDENTIFIER com.example.OWV)
endif()
set_target_properties(OWV PROPERTIES
    ${BUNDLE_ID_OPTION}
    MACOSX_BUNDLE_BUNDLE_VERSION ${PROJECT_VERSION}
    MACOSX_BUNDLE_SHORT_VERSION_STRING ${PROJECT_VERSION_MAJOR}.${PROJECT_VERSION_MINOR}
    MACOSX_BUNDLE TRUE
    WIN32_EXECUTABLE TRUE
)

include(GNUInstallDirs)
install(TARGETS OWV
    BUNDLE DESTINATION .
    LIBRARY DESTINATION ${CMAKE_INSTALL_LIBDIR}
    RUNTIME DESTINATION ${CMAKE_INSTALL_BINDIR}
)

if(QT_VERSION_MAJOR EQUAL 6)
    qt_finalize_executable(OWV)
endif()
